<?xml version="1.0" encoding="UTF-8"?>
<!-- Generated by org.testng.reporters.JUnitXMLReporter -->
<testsuite ignored="0" hostname="LAPTOP-5SF9L84S" failures="0" tests="1" name="OrangeHRM Login Test" time="0.122" errors="0" timestamp="2023-09-06T11:21:02 IST">
  <testcase classname="testcases.LoginTest" name="@BeforeClass setup" time="0.021">
    <failure type="java.io.FileNotFoundException" message="C:\Users\achun\OneDrive\Desktop\Veena-Selenium\Selenium workspace\ExcelRSeleniumProject\src\test\java\testdata\OrangeHRMTestData.xlsx (The system cannot find the path specified)">
      <![CDATA[java.io.FileNotFoundException: C:\Users\achun\OneDrive\Desktop\Veena-Selenium\Selenium workspace\ExcelRSeleniumProject\src\test\java\testdata\OrangeHRMTestData.xlsx (The system cannot find the path specified)
at java.base/java.io.FileInputStream.open0(Native Method)
at java.base/java.io.FileInputStream.open(FileInputStream.java:216)
at java.base/java.io.FileInputStream.<init>(FileInputStream.java:157)
at java.base/java.io.FileInputStream.<init>(FileInputStream.java:111)
at testcases.LoginTest.setup(LoginTest.java:33)
at java.base/java.util.ArrayList.forEach(ArrayList.java:1511)
... Removed 25 stack frames]]>
    </failure>
  </testcase> <!-- @BeforeClass setup -->
  <testcase classname="testcases.LoginTest" name="@AfterTest teardown" time="-1.69397946196E9">
    <skipped/>
  </testcase> <!-- @AfterTest teardown -->
  <testcase classname="testcases.LoginTest" name="validLogin" time="0.0">
    <skipped/>
  </testcase> <!-- validLogin -->
</testsuite> <!-- OrangeHRM Login Test -->
