<?xml version="1.0" encoding="UTF-8"?>
<testng-results ignored="0" total="7" passed="6" failed="1" skipped="0">
  <reporter-output>
    <line>
      <![CDATA[=====Browser Session Started=====]]>
    </line>
    <line>
      <![CDATA[=====Application Started=====]]>
    </line>
    <line>
      <![CDATA[=====Application Logged out=====]]>
    </line>
    <line>
      <![CDATA[=====Browser Session End=====]]>
    </line>
  </reporter-output>
  <suite started-at="2023-09-08T19:20:23 IST" name="Default suite" finished-at="2023-09-08T19:21:04 IST" duration-ms="40624">
    <groups>
    </groups>
    <test started-at="2023-09-08T19:20:23 IST" name="Default test" finished-at="2023-09-08T19:21:04 IST" duration-ms="40624">
      <class name="testcases.LoginTest">
        <test-method is-config="true" signature="setup()[pri:0, instance:testcases.LoginTest@3104f7bd]" started-at="2023-09-08T19:20:23 IST" name="setup" finished-at="2023-09-08T19:20:31 IST" duration-ms="8150" status="PASS">
          <reporter-output>
            <line>
              <![CDATA[=====Browser Session Started=====]]>
            </line>
            <line>
              <![CDATA[=====Application Started=====]]>
            </line>
          </reporter-output>
        </test-method> <!-- setup -->
        <test-method signature="loginWithValidUsernameAndValidPassword()[pri:1, instance:testcases.LoginTest@3104f7bd]" started-at="2023-09-08T19:20:31 IST" name="loginWithValidUsernameAndValidPassword" description="TC1 = Login with valid username and valid password" finished-at="2023-09-08T19:20:37 IST" duration-ms="5395" status="PASS">
          <reporter-output>
            <line>
              <![CDATA[=====Application Logged out=====]]>
            </line>
          </reporter-output>
        </test-method> <!-- loginWithValidUsernameAndValidPassword -->
        <test-method signature="loginWithValidUsernameAndInvalidPassword()[pri:2, instance:testcases.LoginTest@3104f7bd]" started-at="2023-09-08T19:20:37 IST" name="loginWithValidUsernameAndInvalidPassword" description="TC2 = Login with valid username and invalid password" finished-at="2023-09-08T19:20:39 IST" duration-ms="2895" status="PASS">
          <reporter-output>
          </reporter-output>
        </test-method> <!-- loginWithValidUsernameAndInvalidPassword -->
        <test-method signature="loginWithInvalidUsernameAndValidPassword()[pri:3, instance:testcases.LoginTest@3104f7bd]" started-at="2023-09-08T19:20:39 IST" name="loginWithInvalidUsernameAndValidPassword" description="TC3 = Login with invalid username and valid password" finished-at="2023-09-08T19:20:42 IST" duration-ms="2300" status="PASS">
          <reporter-output>
          </reporter-output>
        </test-method> <!-- loginWithInvalidUsernameAndValidPassword -->
        <test-method signature="loginWithInvalidUsernameAndInvalidPassword()[pri:4, instance:testcases.LoginTest@3104f7bd]" started-at="2023-09-08T19:20:42 IST" name="loginWithInvalidUsernameAndInvalidPassword" description="TC4 = Login with invalid username and invalid password" finished-at="2023-09-08T19:20:44 IST" duration-ms="2136" status="PASS">
          <reporter-output>
          </reporter-output>
        </test-method> <!-- loginWithInvalidUsernameAndInvalidPassword -->
        <test-method signature="loginWithBlankUsernameAndInvalidPassword()[pri:5, instance:testcases.LoginTest@3104f7bd]" started-at="2023-09-08T19:20:44 IST" name="loginWithBlankUsernameAndInvalidPassword" description="TC5 = Login with blank username and invalid password" finished-at="2023-09-08T19:20:44 IST" duration-ms="456" status="PASS">
          <reporter-output>
          </reporter-output>
        </test-method> <!-- loginWithBlankUsernameAndInvalidPassword -->
        <test-method signature="loginWithValidUsernameAndBlankPassword()[pri:6, instance:testcases.LoginTest@3104f7bd]" started-at="2023-09-08T19:20:44 IST" name="loginWithValidUsernameAndBlankPassword" description="TC6 = Login with valid username and blank password" finished-at="2023-09-08T19:21:00 IST" duration-ms="15370" status="FAIL">
          <exception class="org.openqa.selenium.NoSuchElementException">
            <message>
              <![CDATA[Unable to locate element: //span[text()='Required']
For documentation on this error, please visit: https://selenium.dev/exceptions/#no_such_element
Build info: version: '4.9.0', revision: 'd7057100a6'
System info: os.name: 'Windows 11', os.arch: 'amd64', os.version: '10.0', java.version: '17.0.4.1'
Driver info: org.openqa.selenium.firefox.FirefoxDriver
Command: [a89b1dfe-e11f-43c4-a06e-cb592a0c7dd8, findElement {using=xpath, value=//span[text()='Required']}]
Capabilities {acceptInsecureCerts: true, browserName: firefox, browserVersion: 117.0, moz:accessibilityChecks: false, moz:buildID: 20230824132758, moz:debuggerAddress: 127.0.0.1:33127, moz:geckodriverVersion: 0.33.0, moz:headless: false, moz:platformVersion: 10.0, moz:processID: 19012, moz:profile: C:\Users\achun\AppData\Loca..., moz:shutdownTimeout: 60000, moz:webdriverClick: true, moz:windowless: false, pageLoadStrategy: normal, platformName: WINDOWS, proxy: Proxy(), se:cdp: ws://127.0.0.1:33127/devtoo..., se:cdpVersion: 85.0, setWindowRect: true, strictFileInteractability: false, timeouts: {implicit: 0, pageLoad: 300000, script: 30000}, unhandledPromptBehavior: dismiss and notify}
Session ID: a89b1dfe-e11f-43c4-a06e-cb592a0c7dd8]]>
            </message>
            <full-stacktrace>
              <![CDATA[org.openqa.selenium.NoSuchElementException: Unable to locate element: //span[text()='Required']
For documentation on this error, please visit: https://selenium.dev/exceptions/#no_such_element
Build info: version: '4.9.0', revision: 'd7057100a6'
System info: os.name: 'Windows 11', os.arch: 'amd64', os.version: '10.0', java.version: '17.0.4.1'
Driver info: org.openqa.selenium.firefox.FirefoxDriver
Command: [a89b1dfe-e11f-43c4-a06e-cb592a0c7dd8, findElement {using=xpath, value=//span[text()='Required']}]
Capabilities {acceptInsecureCerts: true, browserName: firefox, browserVersion: 117.0, moz:accessibilityChecks: false, moz:buildID: 20230824132758, moz:debuggerAddress: 127.0.0.1:33127, moz:geckodriverVersion: 0.33.0, moz:headless: false, moz:platformVersion: 10.0, moz:processID: 19012, moz:profile: C:\Users\achun\AppData\Loca..., moz:shutdownTimeout: 60000, moz:webdriverClick: true, moz:windowless: false, pageLoadStrategy: normal, platformName: WINDOWS, proxy: Proxy(), se:cdp: ws://127.0.0.1:33127/devtoo..., se:cdpVersion: 85.0, setWindowRect: true, strictFileInteractability: false, timeouts: {implicit: 0, pageLoad: 300000, script: 30000}, unhandledPromptBehavior: dismiss and notify}
Session ID: a89b1dfe-e11f-43c4-a06e-cb592a0c7dd8
at java.base/jdk.internal.reflect.NativeConstructorAccessorImpl.newInstance0(Native Method)
at java.base/jdk.internal.reflect.NativeConstructorAccessorImpl.newInstance(NativeConstructorAccessorImpl.java:77)
at java.base/jdk.internal.reflect.DelegatingConstructorAccessorImpl.newInstance(DelegatingConstructorAccessorImpl.java:45)
at java.base/java.lang.reflect.Constructor.newInstanceWithCaller(Constructor.java:499)
at java.base/java.lang.reflect.Constructor.newInstance(Constructor.java:480)
at org.openqa.selenium.remote.codec.w3c.W3CHttpResponseCodec.createException(W3CHttpResponseCodec.java:200)
at org.openqa.selenium.remote.codec.w3c.W3CHttpResponseCodec.decode(W3CHttpResponseCodec.java:133)
at org.openqa.selenium.remote.codec.w3c.W3CHttpResponseCodec.decode(W3CHttpResponseCodec.java:53)
at org.openqa.selenium.remote.HttpCommandExecutor.execute(HttpCommandExecutor.java:193)
at org.openqa.selenium.remote.service.DriverCommandExecutor.invokeExecute(DriverCommandExecutor.java:183)
at org.openqa.selenium.remote.service.DriverCommandExecutor.execute(DriverCommandExecutor.java:158)
at org.openqa.selenium.remote.RemoteWebDriver.execute(RemoteWebDriver.java:543)
at org.openqa.selenium.remote.ElementLocation$ElementFinder$2.findElement(ElementLocation.java:162)
at org.openqa.selenium.remote.ElementLocation.findElement(ElementLocation.java:60)
at org.openqa.selenium.remote.RemoteWebDriver.findElement(RemoteWebDriver.java:352)
at org.openqa.selenium.remote.RemoteWebDriver.findElement(RemoteWebDriver.java:344)
at org.openqa.selenium.support.pagefactory.DefaultElementLocator.findElement(DefaultElementLocator.java:70)
at org.openqa.selenium.support.pagefactory.internal.LocatingElementHandler.invoke(LocatingElementHandler.java:39)
at jdk.proxy2/jdk.proxy2.$Proxy15.getText(Unknown Source)
at reusablemethods.Base.innerTextEquals(Base.java:115)
at testcases.LoginTest.loginWithValidUsernameAndBlankPassword(LoginTest.java:114)
at java.base/jdk.internal.reflect.NativeMethodAccessorImpl.invoke0(Native Method)
at java.base/jdk.internal.reflect.NativeMethodAccessorImpl.invoke(NativeMethodAccessorImpl.java:77)
at java.base/jdk.internal.reflect.DelegatingMethodAccessorImpl.invoke(DelegatingMethodAccessorImpl.java:43)
at java.base/java.lang.reflect.Method.invoke(Method.java:568)
at org.testng.internal.MethodInvocationHelper.invokeMethod(MethodInvocationHelper.java:133)
at org.testng.internal.TestInvoker.invokeMethod(TestInvoker.java:598)
at org.testng.internal.TestInvoker.invokeTestMethod(TestInvoker.java:173)
at org.testng.internal.MethodRunner.runInSequence(MethodRunner.java:46)
at org.testng.internal.TestInvoker$MethodInvocationAgent.invoke(TestInvoker.java:824)
at org.testng.internal.TestInvoker.invokeTestMethods(TestInvoker.java:146)
at org.testng.internal.TestMethodWorker.invokeTestMethods(TestMethodWorker.java:146)
at org.testng.internal.TestMethodWorker.run(TestMethodWorker.java:128)
at java.base/java.util.ArrayList.forEach(ArrayList.java:1511)
at org.testng.TestRunner.privateRun(TestRunner.java:794)
at org.testng.TestRunner.run(TestRunner.java:596)
at org.testng.SuiteRunner.runTest(SuiteRunner.java:377)
at org.testng.SuiteRunner.runSequentially(SuiteRunner.java:371)
at org.testng.SuiteRunner.privateRun(SuiteRunner.java:332)
at org.testng.SuiteRunner.run(SuiteRunner.java:276)
at org.testng.SuiteRunnerWorker.runSuite(SuiteRunnerWorker.java:53)
at org.testng.SuiteRunnerWorker.run(SuiteRunnerWorker.java:96)
at org.testng.TestNG.runSuitesSequentially(TestNG.java:1212)
at org.testng.TestNG.runSuitesLocally(TestNG.java:1134)
at org.testng.TestNG.runSuites(TestNG.java:1063)
at org.testng.TestNG.run(TestNG.java:1031)
at org.testng.remote.AbstractRemoteTestNG.run(AbstractRemoteTestNG.java:115)
at org.testng.remote.RemoteTestNG.initAndRun(RemoteTestNG.java:251)
at org.testng.remote.RemoteTestNG.main(RemoteTestNG.java:77)
]]>
            </full-stacktrace>
          </exception> <!-- org.openqa.selenium.NoSuchElementException -->
          <reporter-output>
          </reporter-output>
        </test-method> <!-- loginWithValidUsernameAndBlankPassword -->
        <test-method signature="loginWithBlankUsernameAndBlankPassword()[pri:7, instance:testcases.LoginTest@3104f7bd]" started-at="2023-09-08T19:21:00 IST" name="loginWithBlankUsernameAndBlankPassword" description="TC7 = Login with blank username and blank password" finished-at="2023-09-08T19:21:00 IST" duration-ms="346" status="PASS">
          <reporter-output>
          </reporter-output>
        </test-method> <!-- loginWithBlankUsernameAndBlankPassword -->
        <test-method is-config="true" signature="teardown()[pri:0, instance:testcases.LoginTest@3104f7bd]" started-at="2023-09-08T19:21:00 IST" name="teardown" finished-at="2023-09-08T19:21:04 IST" duration-ms="3487" status="PASS">
          <reporter-output>
            <line>
              <![CDATA[=====Browser Session End=====]]>
            </line>
          </reporter-output>
        </test-method> <!-- teardown -->
      </class> <!-- testcases.LoginTest -->
    </test> <!-- Default test -->
  </suite> <!-- Default suite -->
</testng-results>
